# JRE version: OpenJDK Runtime Environment Corretto-17.0.13.11.1 (17.0.13+11) (build 17.0.13+11-LTS)
# Java VM: OpenJDK 64-Bit Server VM Corretto-17.0.13.11.1 (17.0.13+11-LTS, mixed mode, sharing, tiered, compressed oops, compressed class ptrs, g1 gc, windows-amd64)
GC Precious Log:
 CPUs: 16 total, 16 available
 Memory: 16098M
 Large Page Support: Disabled
 NUMA Support: Disabled
 Compressed Oops: Enabled (Zero based)
 Heap Region Size: 2M
 Heap Min Capacity: 8M
 Heap Initial Capacity: 252M
 Heap Max Capacity: 4026M
 Pre-touch: Disabled
 Parallel Workers: 13
 Concurrent Workers: 3
 Concurrent Refinement Workers: 13
 Periodic GC: Disabled
Heap:
 garbage-first heap   total 258048K, used 23147K [0x0000000704600000, 0x0000000800000000)
  region size 2048K, 6 young (12288K), 1 survivors (2048K)
 Metaspace       used 13435K, committed 13696K, reserved 1114112K
  class space    used 1406K, committed 1536K, reserved 1048576K
GC Heap History (20 events):
Event: 381.455 GC heap before
{Heap before GC invocations=68 (full 0):
 garbage-first heap   total 258048K, used 166509K [0x0000000704600000, 0x0000000800000000)
  region size 2048K, 75 young (153600K), 1 survivors (2048K)
 Metaspace       used 13432K, committed 13696K, reserved 1114112K
  class space    used 1405K, committed 1536K, reserved 1048576K
}
Event: 381.455 GC heap after
{Heap after GC invocations=69 (full 0):
 garbage-first heap   total 258048K, used 14961K [0x0000000704600000, 0x0000000800000000)
  region size 2048K, 1 young (2048K), 1 survivors (2048K)
 Metaspace       used 13432K, committed 13696K, reserved 1114112K
  class space    used 1405K, committed 1536K, reserved 1048576K
}
Event: 384.041 GC heap before
{Heap before GC invocations=69 (full 0):
 garbage-first heap   total 258048K, used 166513K [0x0000000704600000, 0x0000000800000000)
  region size 2048K, 75 young (153600K), 1 survivors (2048K)
 Metaspace       used 13432K, committed 13696K, reserved 1114112K
  class space    used 1405K, committed 1536K, reserved 1048576K
}
Event: 384.042 GC heap after
{Heap after GC invocations=70 (full 0):
 garbage-first heap   total 258048K, used 14955K [0x0000000704600000, 0x0000000800000000)
  region size 2048K, 1 young (2048K), 1 survivors (2048K)
 Metaspace       used 13432K, committed 13696K, reserved 1114112K
  class space    used 1405K, committed 1536K, reserved 1048576K
}
Event: 386.907 GC heap before
{Heap before GC invocations=70 (full 0):
 garbage-first heap   total 258048K, used 166507K [0x0000000704600000, 0x0000000800000000)
  region size 2048K, 75 young (153600K), 1 survivors (2048K)
 Metaspace       used 13432K, committed 13696K, reserved 1114112K
  class space    used 1405K, committed 1536K, reserved 1048576K
}
Event: 386.908 GC heap after
{Heap after GC invocations=71 (full 0):
 garbage-first heap   total 258048K, used 14959K [0x0000000704600000, 0x0000000800000000)
  region size 2048K, 1 young (2048K), 1 survivors (2048K)
 Metaspace       used 13432K, committed 13696K, reserved 1114112K
  class space    used 1405K, committed 1536K, reserved 1048576K
}
Event: 389.753 GC heap before
{Heap before GC invocations=71 (full 0):
 garbage-first heap   total 258048K, used 166511K [0x0000000704600000, 0x0000000800000000)
  region size 2048K, 75 young (153600K), 1 survivors (2048K)
 Metaspace       used 13432K, committed 13696K, reserved 1114112K
  class space    used 1405K, committed 1536K, reserved 1048576K
}
Event: 389.754 GC heap after
{Heap after GC invocations=72 (full 0):
 garbage-first heap   total 258048K, used 14957K [0x0000000704600000, 0x0000000800000000)
  region size 2048K, 1 young (2048K), 1 survivors (2048K)
 Metaspace       used 13432K, committed 13696K, reserved 1114112K
  class space    used 1405K, committed 1536K, reserved 1048576K
}
Event: 392.355 GC heap before
{Heap before GC invocations=72 (full 0):
 garbage-first heap   total 258048K, used 166509K [0x0000000704600000, 0x0000000800000000)
  region size 2048K, 75 young (153600K), 1 survivors (2048K)
 Metaspace       used 13432K, committed 13696K, reserved 1114112K
  class space    used 1405K, committed 1536K, reserved 1048576K
}
Event: 392.356 GC heap after
{Heap after GC invocations=73 (full 0):
 garbage-first heap   total 258048K, used 14955K [0x0000000704600000, 0x0000000800000000)
  region size 2048K, 1 young (2048K), 1 survivors (2048K)
 Metaspace       used 13432K, committed 13696K, reserved 1114112K
  class space    used 1405K, committed 1536K, reserved 1048576K
}
Event: 394.896 GC heap before
{Heap before GC invocations=73 (full 0):
 garbage-first heap   total 258048K, used 166507K [0x0000000704600000, 0x0000000800000000)
  region size 2048K, 75 young (153600K), 1 survivors (2048K)
 Metaspace       used 13432K, committed 13696K, reserved 1114112K
  class space    used 1405K, committed 1536K, reserved 1048576K
}
Event: 394.896 GC heap after
{Heap after GC invocations=74 (full 0):
 garbage-first heap   total 258048K, used 14959K [0x0000000704600000, 0x0000000800000000)
  region size 2048K, 1 young (2048K), 1 survivors (2048K)
 Metaspace       used 13432K, committed 13696K, reserved 1114112K
  class space    used 1405K, committed 1536K, reserved 1048576K
}
Event: 397.035 GC heap before
{Heap before GC invocations=74 (full 0):
 garbage-first heap   total 258048K, used 166511K [0x0000000704600000, 0x0000000800000000)
  region size 2048K, 75 young (153600K), 1 survivors (2048K)
 Metaspace       used 13432K, committed 13696K, reserved 1114112K
  class space    used 1405K, committed 1536K, reserved 1048576K
}
Event: 397.036 GC heap after
{Heap after GC invocations=75 (full 0):
 garbage-first heap   total 258048K, used 14953K [0x0000000704600000, 0x0000000800000000)
  region size 2048K, 1 young (2048K), 1 survivors (2048K)
 Metaspace       used 13432K, committed 13696K, reserved 1114112K
  class space    used 1405K, committed 1536K, reserved 1048576K
}
Event: 399.116 GC heap before
{Heap before GC invocations=75 (full 0):
 garbage-first heap   total 258048K, used 166505K [0x0000000704600000, 0x0000000800000000)
  region size 2048K, 75 young (153600K), 1 survivors (2048K)
 Metaspace       used 13432K, committed 13696K, reserved 1114112K
  class space    used 1405K, committed 1536K, reserved 1048576K
}
Event: 399.116 GC heap after
{Heap after GC invocations=76 (full 0):
 garbage-first heap   total 258048K, used 14953K [0x0000000704600000, 0x0000000800000000)
  region size 2048K, 1 young (2048K), 1 survivors (2048K)
 Metaspace       used 13432K, committed 13696K, reserved 1114112K
  class space    used 1405K, committed 1536K, reserved 1048576K
}
Event: 401.185 GC heap before
{Heap before GC invocations=76 (full 0):
 garbage-first heap   total 258048K, used 166505K [0x0000000704600000, 0x0000000800000000)
  region size 2048K, 75 young (153600K), 1 survivors (2048K)
 Metaspace       used 13432K, committed 13696K, reserved 1114112K
  class space    used 1405K, committed 1536K, reserved 1048576K
}
Event: 401.186 GC heap after
{Heap after GC invocations=77 (full 0):
 garbage-first heap   total 258048K, used 14955K [0x0000000704600000, 0x0000000800000000)
  region size 2048K, 1 young (2048K), 1 survivors (2048K)
 Metaspace       used 13432K, committed 13696K, reserved 1114112K
  class space    used 1405K, committed 1536K, reserved 1048576K
}
Event: 403.516 GC heap before
{Heap before GC invocations=77 (full 0):
 garbage-first heap   total 258048K, used 166507K [0x0000000704600000, 0x0000000800000000)
  region size 2048K, 75 young (153600K), 1 survivors (2048K)
 Metaspace       used 13432K, committed 13696K, reserved 1114112K
  class space    used 1405K, committed 1536K, reserved 1048576K
}
Event: 403.516 GC heap after
{Heap after GC invocations=78 (full 0):
 garbage-first heap   total 258048K, used 14955K [0x0000000704600000, 0x0000000800000000)
  region size 2048K, 1 young (2048K), 1 survivors (2048K)
 Metaspace       used 13432K, committed 13696K, reserved 1114112K
  class space    used 1405K, committed 1536K, reserved 1048576K
}

