# JRE version: OpenJDK Runtime Environment Corretto-17.0.13.11.1 (17.0.13+11) (build 17.0.13+11-LTS)
# Java VM: OpenJDK 64-Bit Server VM Corretto-17.0.13.11.1 (17.0.13+11-LTS, mixed mode, sharing, tiered, compressed oops, compressed class ptrs, g1 gc, windows-amd64)
GC Precious Log:
 CPUs: 16 total, 16 available
 Memory: 16098M
 Large Page Support: Disabled
 NUMA Support: Disabled
 Compressed Oops: Enabled (Zero based)
 Heap Region Size: 2M
 Heap Min Capacity: 8M
 Heap Initial Capacity: 252M
 Heap Max Capacity: 4026M
 Pre-touch: Disabled
 Parallel Workers: 13
 Concurrent Workers: 3
 Concurrent Refinement Workers: 13
 Periodic GC: Disabled
Heap:
 garbage-first heap   total 258048K, used 19048K [0x0000000704600000, 0x0000000800000000)
  region size 2048K, 4 young (8192K), 1 survivors (2048K)
 Metaspace       used 13286K, committed 13568K, reserved 1114112K
  class space    used 1396K, committed 1536K, reserved 1048576K
GC Heap History (20 events):
Event: 345.640 GC heap before
{Heap before GC invocations=40 (full 0):
 garbage-first heap   total 258048K, used 166502K [0x0000000704600000, 0x0000000800000000)
  region size 2048K, 75 young (153600K), 1 survivors (2048K)
 Metaspace       used 13278K, committed 13568K, reserved 1114112K
  class space    used 1395K, committed 1536K, reserved 1048576K
}
Event: 345.641 GC heap after
{Heap after GC invocations=41 (full 0):
 garbage-first heap   total 258048K, used 14950K [0x0000000704600000, 0x0000000800000000)
  region size 2048K, 1 young (2048K), 1 survivors (2048K)
 Metaspace       used 13278K, committed 13568K, reserved 1114112K
  class space    used 1395K, committed 1536K, reserved 1048576K
}
Event: 349.015 GC heap before
{Heap before GC invocations=41 (full 0):
 garbage-first heap   total 258048K, used 166502K [0x0000000704600000, 0x0000000800000000)
  region size 2048K, 75 young (153600K), 1 survivors (2048K)
 Metaspace       used 13278K, committed 13568K, reserved 1114112K
  class space    used 1395K, committed 1536K, reserved 1048576K
}
Event: 349.016 GC heap after
{Heap after GC invocations=42 (full 0):
 garbage-first heap   total 258048K, used 14948K [0x0000000704600000, 0x0000000800000000)
  region size 2048K, 1 young (2048K), 1 survivors (2048K)
 Metaspace       used 13278K, committed 13568K, reserved 1114112K
  class space    used 1395K, committed 1536K, reserved 1048576K
}
Event: 352.159 GC heap before
{Heap before GC invocations=42 (full 0):
 garbage-first heap   total 258048K, used 166500K [0x0000000704600000, 0x0000000800000000)
  region size 2048K, 75 young (153600K), 1 survivors (2048K)
 Metaspace       used 13278K, committed 13568K, reserved 1114112K
  class space    used 1395K, committed 1536K, reserved 1048576K
}
Event: 352.160 GC heap after
{Heap after GC invocations=43 (full 0):
 garbage-first heap   total 258048K, used 14950K [0x0000000704600000, 0x0000000800000000)
  region size 2048K, 1 young (2048K), 1 survivors (2048K)
 Metaspace       used 13278K, committed 13568K, reserved 1114112K
  class space    used 1395K, committed 1536K, reserved 1048576K
}
Event: 355.752 GC heap before
{Heap before GC invocations=43 (full 0):
 garbage-first heap   total 258048K, used 166502K [0x0000000704600000, 0x0000000800000000)
  region size 2048K, 75 young (153600K), 1 survivors (2048K)
 Metaspace       used 13278K, committed 13568K, reserved 1114112K
  class space    used 1395K, committed 1536K, reserved 1048576K
}
Event: 355.753 GC heap after
{Heap after GC invocations=44 (full 0):
 garbage-first heap   total 258048K, used 14954K [0x0000000704600000, 0x0000000800000000)
  region size 2048K, 1 young (2048K), 1 survivors (2048K)
 Metaspace       used 13278K, committed 13568K, reserved 1114112K
  class space    used 1395K, committed 1536K, reserved 1048576K
}
Event: 360.083 GC heap before
{Heap before GC invocations=44 (full 0):
 garbage-first heap   total 258048K, used 166506K [0x0000000704600000, 0x0000000800000000)
  region size 2048K, 75 young (153600K), 1 survivors (2048K)
 Metaspace       used 13278K, committed 13568K, reserved 1114112K
  class space    used 1395K, committed 1536K, reserved 1048576K
}
Event: 360.084 GC heap after
{Heap after GC invocations=45 (full 0):
 garbage-first heap   total 258048K, used 14956K [0x0000000704600000, 0x0000000800000000)
  region size 2048K, 1 young (2048K), 1 survivors (2048K)
 Metaspace       used 13278K, committed 13568K, reserved 1114112K
  class space    used 1395K, committed 1536K, reserved 1048576K
}
Event: 365.103 GC heap before
{Heap before GC invocations=45 (full 0):
 garbage-first heap   total 258048K, used 166508K [0x0000000704600000, 0x0000000800000000)
  region size 2048K, 75 young (153600K), 1 survivors (2048K)
 Metaspace       used 13278K, committed 13568K, reserved 1114112K
  class space    used 1395K, committed 1536K, reserved 1048576K
}
Event: 365.104 GC heap after
{Heap after GC invocations=46 (full 0):
 garbage-first heap   total 258048K, used 14952K [0x0000000704600000, 0x0000000800000000)
  region size 2048K, 1 young (2048K), 1 survivors (2048K)
 Metaspace       used 13278K, committed 13568K, reserved 1114112K
  class space    used 1395K, committed 1536K, reserved 1048576K
}
Event: 370.011 GC heap before
{Heap before GC invocations=46 (full 0):
 garbage-first heap   total 258048K, used 166504K [0x0000000704600000, 0x0000000800000000)
  region size 2048K, 75 young (153600K), 1 survivors (2048K)
 Metaspace       used 13278K, committed 13568K, reserved 1114112K
  class space    used 1395K, committed 1536K, reserved 1048576K
}
Event: 370.012 GC heap after
{Heap after GC invocations=47 (full 0):
 garbage-first heap   total 258048K, used 14954K [0x0000000704600000, 0x0000000800000000)
  region size 2048K, 1 young (2048K), 1 survivors (2048K)
 Metaspace       used 13278K, committed 13568K, reserved 1114112K
  class space    used 1395K, committed 1536K, reserved 1048576K
}
Event: 374.306 GC heap before
{Heap before GC invocations=47 (full 0):
 garbage-first heap   total 258048K, used 166506K [0x0000000704600000, 0x0000000800000000)
  region size 2048K, 75 young (153600K), 1 survivors (2048K)
 Metaspace       used 13278K, committed 13568K, reserved 1114112K
  class space    used 1395K, committed 1536K, reserved 1048576K
}
Event: 374.306 GC heap after
{Heap after GC invocations=48 (full 0):
 garbage-first heap   total 258048K, used 14946K [0x0000000704600000, 0x0000000800000000)
  region size 2048K, 1 young (2048K), 1 survivors (2048K)
 Metaspace       used 13278K, committed 13568K, reserved 1114112K
  class space    used 1395K, committed 1536K, reserved 1048576K
}
Event: 377.884 GC heap before
{Heap before GC invocations=48 (full 0):
 garbage-first heap   total 258048K, used 166498K [0x0000000704600000, 0x0000000800000000)
  region size 2048K, 75 young (153600K), 1 survivors (2048K)
 Metaspace       used 13278K, committed 13568K, reserved 1114112K
  class space    used 1395K, committed 1536K, reserved 1048576K
}
Event: 377.885 GC heap after
{Heap after GC invocations=49 (full 0):
 garbage-first heap   total 258048K, used 14954K [0x0000000704600000, 0x0000000800000000)
  region size 2048K, 1 young (2048K), 1 survivors (2048K)
 Metaspace       used 13278K, committed 13568K, reserved 1114112K
  class space    used 1395K, committed 1536K, reserved 1048576K
}
Event: 381.773 GC heap before
{Heap before GC invocations=49 (full 0):
 garbage-first heap   total 258048K, used 166506K [0x0000000704600000, 0x0000000800000000)
  region size 2048K, 75 young (153600K), 1 survivors (2048K)
 Metaspace       used 13278K, committed 13568K, reserved 1114112K
  class space    used 1395K, committed 1536K, reserved 1048576K
}
Event: 381.774 GC heap after
{Heap after GC invocations=50 (full 0):
 garbage-first heap   total 258048K, used 14952K [0x0000000704600000, 0x0000000800000000)
  region size 2048K, 1 young (2048K), 1 survivors (2048K)
 Metaspace       used 13278K, committed 13568K, reserved 1114112K
  class space    used 1395K, committed 1536K, reserved 1048576K
}

