# JRE version: OpenJDK Runtime Environment Corretto-17.0.13.11.1 (17.0.13+11) (build 17.0.13+11-LTS)
# Java VM: OpenJDK 64-Bit Server VM Corretto-17.0.13.11.1 (17.0.13+11-LTS, mixed mode, sharing, tiered, compressed oops, compressed class ptrs, g1 gc, windows-amd64)
GC Precious Log:
 CPUs: 16 total, 16 available
 Memory: 16098M
 Large Page Support: Disabled
 NUMA Support: Disabled
 Compressed Oops: Enabled (Zero based)
 Heap Region Size: 2M
 Heap Min Capacity: 8M
 Heap Initial Capacity: 252M
 Heap Max Capacity: 4026M
 Pre-touch: Disabled
 Parallel Workers: 13
 Concurrent Workers: 3
 Concurrent Refinement Workers: 13
 Periodic GC: Disabled
Heap:
 garbage-first heap   total 258048K, used 160225K [0x0000000704600000, 0x0000000800000000)
  region size 2048K, 73 young (149504K), 1 survivors (2048K)
 Metaspace       used 13109K, committed 13376K, reserved 1114112K
  class space    used 1395K, committed 1536K, reserved 1048576K
GC Heap History (20 events):
Event: 338.041 GC heap before
{Heap before GC invocations=42 (full 0):
 garbage-first heap   total 258048K, used 166355K [0x0000000704600000, 0x0000000800000000)
  region size 2048K, 75 young (153600K), 1 survivors (2048K)
 Metaspace       used 13102K, committed 13376K, reserved 1114112K
  class space    used 1395K, committed 1536K, reserved 1048576K
}
Event: 338.042 GC heap after
{Heap after GC invocations=43 (full 0):
 garbage-first heap   total 258048K, used 14800K [0x0000000704600000, 0x0000000800000000)
  region size 2048K, 1 young (2048K), 1 survivors (2048K)
 Metaspace       used 13102K, committed 13376K, reserved 1114112K
  class space    used 1395K, committed 1536K, reserved 1048576K
}
Event: 341.084 GC heap before
{Heap before GC invocations=43 (full 0):
 garbage-first heap   total 258048K, used 166352K [0x0000000704600000, 0x0000000800000000)
  region size 2048K, 75 young (153600K), 1 survivors (2048K)
 Metaspace       used 13102K, committed 13376K, reserved 1114112K
  class space    used 1395K, committed 1536K, reserved 1048576K
}
Event: 341.085 GC heap after
{Heap after GC invocations=44 (full 0):
 garbage-first heap   total 258048K, used 14803K [0x0000000704600000, 0x0000000800000000)
  region size 2048K, 1 young (2048K), 1 survivors (2048K)
 Metaspace       used 13102K, committed 13376K, reserved 1114112K
  class space    used 1395K, committed 1536K, reserved 1048576K
}
Event: 344.244 GC heap before
{Heap before GC invocations=44 (full 0):
 garbage-first heap   total 258048K, used 166355K [0x0000000704600000, 0x0000000800000000)
  region size 2048K, 75 young (153600K), 1 survivors (2048K)
 Metaspace       used 13102K, committed 13376K, reserved 1114112K
  class space    used 1395K, committed 1536K, reserved 1048576K
}
Event: 344.245 GC heap after
{Heap after GC invocations=45 (full 0):
 garbage-first heap   total 258048K, used 14800K [0x0000000704600000, 0x0000000800000000)
  region size 2048K, 1 young (2048K), 1 survivors (2048K)
 Metaspace       used 13102K, committed 13376K, reserved 1114112K
  class space    used 1395K, committed 1536K, reserved 1048576K
}
Event: 347.328 GC heap before
{Heap before GC invocations=45 (full 0):
 garbage-first heap   total 258048K, used 166352K [0x0000000704600000, 0x0000000800000000)
  region size 2048K, 75 young (153600K), 1 survivors (2048K)
 Metaspace       used 13102K, committed 13376K, reserved 1114112K
  class space    used 1395K, committed 1536K, reserved 1048576K
}
Event: 347.329 GC heap after
{Heap after GC invocations=46 (full 0):
 garbage-first heap   total 258048K, used 14798K [0x0000000704600000, 0x0000000800000000)
  region size 2048K, 1 young (2048K), 1 survivors (2048K)
 Metaspace       used 13102K, committed 13376K, reserved 1114112K
  class space    used 1395K, committed 1536K, reserved 1048576K
}
Event: 351.335 GC heap before
{Heap before GC invocations=46 (full 0):
 garbage-first heap   total 258048K, used 166350K [0x0000000704600000, 0x0000000800000000)
  region size 2048K, 75 young (153600K), 1 survivors (2048K)
 Metaspace       used 13102K, committed 13376K, reserved 1114112K
  class space    used 1395K, committed 1536K, reserved 1048576K
}
Event: 351.335 GC heap after
{Heap after GC invocations=47 (full 0):
 garbage-first heap   total 258048K, used 14821K [0x0000000704600000, 0x0000000800000000)
  region size 2048K, 1 young (2048K), 1 survivors (2048K)
 Metaspace       used 13102K, committed 13376K, reserved 1114112K
  class space    used 1395K, committed 1536K, reserved 1048576K
}
Event: 355.830 GC heap before
{Heap before GC invocations=47 (full 0):
 garbage-first heap   total 258048K, used 166373K [0x0000000704600000, 0x0000000800000000)
  region size 2048K, 75 young (153600K), 1 survivors (2048K)
 Metaspace       used 13102K, committed 13376K, reserved 1114112K
  class space    used 1395K, committed 1536K, reserved 1048576K
}
Event: 355.831 GC heap after
{Heap after GC invocations=48 (full 0):
 garbage-first heap   total 258048K, used 14821K [0x0000000704600000, 0x0000000800000000)
  region size 2048K, 1 young (2048K), 1 survivors (2048K)
 Metaspace       used 13102K, committed 13376K, reserved 1114112K
  class space    used 1395K, committed 1536K, reserved 1048576K
}
Event: 360.600 GC heap before
{Heap before GC invocations=48 (full 0):
 garbage-first heap   total 258048K, used 166373K [0x0000000704600000, 0x0000000800000000)
  region size 2048K, 75 young (153600K), 1 survivors (2048K)
 Metaspace       used 13102K, committed 13376K, reserved 1114112K
  class space    used 1395K, committed 1536K, reserved 1048576K
}
Event: 360.601 GC heap after
{Heap after GC invocations=49 (full 0):
 garbage-first heap   total 258048K, used 14819K [0x0000000704600000, 0x0000000800000000)
  region size 2048K, 1 young (2048K), 1 survivors (2048K)
 Metaspace       used 13102K, committed 13376K, reserved 1114112K
  class space    used 1395K, committed 1536K, reserved 1048576K
}
Event: 364.960 GC heap before
{Heap before GC invocations=49 (full 0):
 garbage-first heap   total 258048K, used 166371K [0x0000000704600000, 0x0000000800000000)
  region size 2048K, 75 young (153600K), 1 survivors (2048K)
 Metaspace       used 13102K, committed 13376K, reserved 1114112K
  class space    used 1395K, committed 1536K, reserved 1048576K
}
Event: 364.961 GC heap after
{Heap after GC invocations=50 (full 0):
 garbage-first heap   total 258048K, used 14821K [0x0000000704600000, 0x0000000800000000)
  region size 2048K, 1 young (2048K), 1 survivors (2048K)
 Metaspace       used 13102K, committed 13376K, reserved 1114112K
  class space    used 1395K, committed 1536K, reserved 1048576K
}
Event: 368.900 GC heap before
{Heap before GC invocations=50 (full 0):
 garbage-first heap   total 258048K, used 166373K [0x0000000704600000, 0x0000000800000000)
  region size 2048K, 75 young (153600K), 1 survivors (2048K)
 Metaspace       used 13102K, committed 13376K, reserved 1114112K
  class space    used 1395K, committed 1536K, reserved 1048576K
}
Event: 368.901 GC heap after
{Heap after GC invocations=51 (full 0):
 garbage-first heap   total 258048K, used 14815K [0x0000000704600000, 0x0000000800000000)
  region size 2048K, 1 young (2048K), 1 survivors (2048K)
 Metaspace       used 13102K, committed 13376K, reserved 1114112K
  class space    used 1395K, committed 1536K, reserved 1048576K
}
Event: 372.312 GC heap before
{Heap before GC invocations=51 (full 0):
 garbage-first heap   total 258048K, used 166367K [0x0000000704600000, 0x0000000800000000)
  region size 2048K, 75 young (153600K), 1 survivors (2048K)
 Metaspace       used 13102K, committed 13376K, reserved 1114112K
  class space    used 1395K, committed 1536K, reserved 1048576K
}
Event: 372.312 GC heap after
{Heap after GC invocations=52 (full 0):
 garbage-first heap   total 258048K, used 14817K [0x0000000704600000, 0x0000000800000000)
  region size 2048K, 1 young (2048K), 1 survivors (2048K)
 Metaspace       used 13102K, committed 13376K, reserved 1114112K
  class space    used 1395K, committed 1536K, reserved 1048576K
}

