# JRE version: OpenJDK Runtime Environment Corretto-17.0.13.11.1 (17.0.13+11) (build 17.0.13+11-LTS)
# Java VM: OpenJDK 64-Bit Server VM Corretto-17.0.13.11.1 (17.0.13+11-LTS, mixed mode, sharing, tiered, compressed oops, compressed class ptrs, g1 gc, windows-amd64)
GC Precious Log:
 CPUs: 16 total, 16 available
 Memory: 16098M
 Large Page Support: Disabled
 NUMA Support: Disabled
 Compressed Oops: Enabled (Zero based)
 Heap Region Size: 2M
 Heap Min Capacity: 8M
 Heap Initial Capacity: 252M
 Heap Max Capacity: 4026M
 Pre-touch: Disabled
 Parallel Workers: 13
 Concurrent Workers: 3
 Concurrent Refinement Workers: 13
 Periodic GC: Disabled
Heap:
 garbage-first heap   total 258048K, used 113229K [0x0000000704600000, 0x0000000800000000)
  region size 2048K, 50 young (102400K), 1 survivors (2048K)
 Metaspace       used 13247K, committed 13504K, reserved 1114112K
  class space    used 1405K, committed 1536K, reserved 1048576K
GC Heap History (20 events):
Event: 358.176 GC heap before
{Heap before GC invocations=50 (full 0):
 garbage-first heap   total 258048K, used 166476K [0x0000000704600000, 0x0000000800000000)
  region size 2048K, 75 young (153600K), 1 survivors (2048K)
 Metaspace       used 13244K, committed 13504K, reserved 1114112K
  class space    used 1404K, committed 1536K, reserved 1048576K
}
Event: 358.176 GC heap after
{Heap after GC invocations=51 (full 0):
 garbage-first heap   total 258048K, used 14918K [0x0000000704600000, 0x0000000800000000)
  region size 2048K, 1 young (2048K), 1 survivors (2048K)
 Metaspace       used 13244K, committed 13504K, reserved 1114112K
  class space    used 1404K, committed 1536K, reserved 1048576K
}
Event: 360.784 GC heap before
{Heap before GC invocations=51 (full 0):
 garbage-first heap   total 258048K, used 166470K [0x0000000704600000, 0x0000000800000000)
  region size 2048K, 75 young (153600K), 1 survivors (2048K)
 Metaspace       used 13244K, committed 13504K, reserved 1114112K
  class space    used 1404K, committed 1536K, reserved 1048576K
}
Event: 360.785 GC heap after
{Heap after GC invocations=52 (full 0):
 garbage-first heap   total 258048K, used 14923K [0x0000000704600000, 0x0000000800000000)
  region size 2048K, 1 young (2048K), 1 survivors (2048K)
 Metaspace       used 13244K, committed 13504K, reserved 1114112K
  class space    used 1404K, committed 1536K, reserved 1048576K
}
Event: 363.799 GC heap before
{Heap before GC invocations=52 (full 0):
 garbage-first heap   total 258048K, used 166475K [0x0000000704600000, 0x0000000800000000)
  region size 2048K, 75 young (153600K), 1 survivors (2048K)
 Metaspace       used 13244K, committed 13504K, reserved 1114112K
  class space    used 1404K, committed 1536K, reserved 1048576K
}
Event: 363.800 GC heap after
{Heap after GC invocations=53 (full 0):
 garbage-first heap   total 258048K, used 14925K [0x0000000704600000, 0x0000000800000000)
  region size 2048K, 1 young (2048K), 1 survivors (2048K)
 Metaspace       used 13244K, committed 13504K, reserved 1114112K
  class space    used 1404K, committed 1536K, reserved 1048576K
}
Event: 366.728 GC heap before
{Heap before GC invocations=53 (full 0):
 garbage-first heap   total 258048K, used 166477K [0x0000000704600000, 0x0000000800000000)
  region size 2048K, 75 young (153600K), 1 survivors (2048K)
 Metaspace       used 13244K, committed 13504K, reserved 1114112K
  class space    used 1404K, committed 1536K, reserved 1048576K
}
Event: 366.729 GC heap after
{Heap after GC invocations=54 (full 0):
 garbage-first heap   total 258048K, used 14925K [0x0000000704600000, 0x0000000800000000)
  region size 2048K, 1 young (2048K), 1 survivors (2048K)
 Metaspace       used 13244K, committed 13504K, reserved 1114112K
  class space    used 1404K, committed 1536K, reserved 1048576K
}
Event: 370.738 GC heap before
{Heap before GC invocations=54 (full 0):
 garbage-first heap   total 258048K, used 166477K [0x0000000704600000, 0x0000000800000000)
  region size 2048K, 75 young (153600K), 1 survivors (2048K)
 Metaspace       used 13244K, committed 13504K, reserved 1114112K
  class space    used 1404K, committed 1536K, reserved 1048576K
}
Event: 370.739 GC heap after
{Heap after GC invocations=55 (full 0):
 garbage-first heap   total 258048K, used 14923K [0x0000000704600000, 0x0000000800000000)
  region size 2048K, 1 young (2048K), 1 survivors (2048K)
 Metaspace       used 13244K, committed 13504K, reserved 1114112K
  class space    used 1404K, committed 1536K, reserved 1048576K
}
Event: 374.857 GC heap before
{Heap before GC invocations=55 (full 0):
 garbage-first heap   total 258048K, used 166475K [0x0000000704600000, 0x0000000800000000)
  region size 2048K, 75 young (153600K), 1 survivors (2048K)
 Metaspace       used 13244K, committed 13504K, reserved 1114112K
  class space    used 1404K, committed 1536K, reserved 1048576K
}
Event: 374.858 GC heap after
{Heap after GC invocations=56 (full 0):
 garbage-first heap   total 258048K, used 14924K [0x0000000704600000, 0x0000000800000000)
  region size 2048K, 1 young (2048K), 1 survivors (2048K)
 Metaspace       used 13244K, committed 13504K, reserved 1114112K
  class space    used 1404K, committed 1536K, reserved 1048576K
}
Event: 378.767 GC heap before
{Heap before GC invocations=56 (full 0):
 garbage-first heap   total 258048K, used 166476K [0x0000000704600000, 0x0000000800000000)
  region size 2048K, 75 young (153600K), 1 survivors (2048K)
 Metaspace       used 13244K, committed 13504K, reserved 1114112K
  class space    used 1404K, committed 1536K, reserved 1048576K
}
Event: 378.768 GC heap after
{Heap after GC invocations=57 (full 0):
 garbage-first heap   total 258048K, used 14927K [0x0000000704600000, 0x0000000800000000)
  region size 2048K, 1 young (2048K), 1 survivors (2048K)
 Metaspace       used 13244K, committed 13504K, reserved 1114112K
  class space    used 1404K, committed 1536K, reserved 1048576K
}
Event: 382.399 GC heap before
{Heap before GC invocations=57 (full 0):
 garbage-first heap   total 258048K, used 166479K [0x0000000704600000, 0x0000000800000000)
  region size 2048K, 75 young (153600K), 1 survivors (2048K)
 Metaspace       used 13244K, committed 13504K, reserved 1114112K
  class space    used 1404K, committed 1536K, reserved 1048576K
}
Event: 382.400 GC heap after
{Heap after GC invocations=58 (full 0):
 garbage-first heap   total 258048K, used 14925K [0x0000000704600000, 0x0000000800000000)
  region size 2048K, 1 young (2048K), 1 survivors (2048K)
 Metaspace       used 13244K, committed 13504K, reserved 1114112K
  class space    used 1404K, committed 1536K, reserved 1048576K
}
Event: 385.389 GC heap before
{Heap before GC invocations=58 (full 0):
 garbage-first heap   total 258048K, used 166477K [0x0000000704600000, 0x0000000800000000)
  region size 2048K, 75 young (153600K), 1 survivors (2048K)
 Metaspace       used 13244K, committed 13504K, reserved 1114112K
  class space    used 1404K, committed 1536K, reserved 1048576K
}
Event: 385.390 GC heap after
{Heap after GC invocations=59 (full 0):
 garbage-first heap   total 258048K, used 14923K [0x0000000704600000, 0x0000000800000000)
  region size 2048K, 1 young (2048K), 1 survivors (2048K)
 Metaspace       used 13244K, committed 13504K, reserved 1114112K
  class space    used 1404K, committed 1536K, reserved 1048576K
}
Event: 388.461 GC heap before
{Heap before GC invocations=59 (full 0):
 garbage-first heap   total 258048K, used 166475K [0x0000000704600000, 0x0000000800000000)
  region size 2048K, 75 young (153600K), 1 survivors (2048K)
 Metaspace       used 13244K, committed 13504K, reserved 1114112K
  class space    used 1404K, committed 1536K, reserved 1048576K
}
Event: 388.462 GC heap after
{Heap after GC invocations=60 (full 0):
 garbage-first heap   total 258048K, used 14925K [0x0000000704600000, 0x0000000800000000)
  region size 2048K, 1 young (2048K), 1 survivors (2048K)
 Metaspace       used 13244K, committed 13504K, reserved 1114112K
  class space    used 1404K, committed 1536K, reserved 1048576K
}

